0 verbose cli C:\Program Files\nodejs\node.exe C:\Users\kajal\AppData\Roaming\npm\node_modules\npm\bin\npm-cli.js
1 info using npm@10.8.3
2 info using node@v22.11.0
3 silly config load:file:C:\Users\kajal\AppData\Roaming\npm\node_modules\npm\npmrc
4 silly config load:file:E:\React\ankitsingh_16-fertilizer-86b3c73b65c0\.npmrc
5 silly config load:file:C:\Users\kajal\.npmrc
6 silly config load:file:C:\Users\kajal\AppData\Roaming\npm\etc\npmrc
7 verbose title npm i graphView
8 verbose argv "i" "graphView"
9 verbose logfile logs-max:10 dir:E:\React\ankitsingh_16-fertilizer-86b3c73b65c0\path\to\another\directory\.npm-cache\_logs\2025-06-07T19_00_44_548Z-
10 verbose logfile E:\React\ankitsingh_16-fertilizer-86b3c73b65c0\path\to\another\directory\.npm-cache\_logs\2025-06-07T19_00_44_548Z-debug-0.log
11 silly packumentCache heap:2197815296 maxSize:549453824 maxEntrySize:274726912
12 silly logfile start cleaning logs, removing 1 files
13 silly logfile done cleaning log files
14 silly idealTree buildDeps
15 silly fetch manifest graphView@*
16 silly packumentCache full:https://registry.npmjs.org/graphView cache-miss
17 http fetch GET 404 https://registry.npmjs.org/graphView 1056ms (cache skip)
18 silly placeDep ROOT graphView@ OK for: fyllo_task@0.1.0 want: *
19 verbose stack HttpErrorGeneral: 404 Not Found - GET https://registry.npmjs.org/graphView - Not found
19 verbose stack     at C:\Users\kajal\AppData\Roaming\npm\node_modules\npm\node_modules\npm-registry-fetch\lib\check-response.js:95:15
19 verbose stack     at process.processTicksAndRejections (node:internal/process/task_queues:105:5)
19 verbose stack     at async RegistryFetcher.packument (C:\Users\kajal\AppData\Roaming\npm\node_modules\npm\node_modules\pacote\lib\registry.js:90:19)
19 verbose stack     at async RegistryFetcher.manifest (C:\Users\kajal\AppData\Roaming\npm\node_modules\npm\node_modules\pacote\lib\registry.js:128:23)
19 verbose stack     at async #fetchManifest (C:\Users\kajal\AppData\Roaming\npm\node_modules\npm\node_modules\@npmcli\arborist\lib\arborist\build-ideal-tree.js:1199:20)
19 verbose stack     at async #nodeFromEdge (C:\Users\kajal\AppData\Roaming\npm\node_modules\npm\node_modules\@npmcli\arborist\lib\arborist\build-ideal-tree.js:1037:19)
19 verbose stack     at async #buildDepStep (C:\Users\kajal\AppData\Roaming\npm\node_modules\npm\node_modules\@npmcli\arborist\lib\arborist\build-ideal-tree.js:901:11)
19 verbose stack     at async Arborist.buildIdealTree (C:\Users\kajal\AppData\Roaming\npm\node_modules\npm\node_modules\@npmcli\arborist\lib\arborist\build-ideal-tree.js:181:7)
19 verbose stack     at async Promise.all (index 1)
19 verbose stack     at async Arborist.reify (C:\Users\kajal\AppData\Roaming\npm\node_modules\npm\node_modules\@npmcli\arborist\lib\arborist\reify.js:131:5)
20 verbose statusCode 404
21 verbose pkgid graphView@*
22 error code E404
23 error 404 Not Found - GET https://registry.npmjs.org/graphView - Not found
24 error 404
25 error 404  'graphView@*' is not in this registry.
26 error 404 This package name is not valid, because 
27 error 404  1. name can no longer contain capital letters
28 error 404
29 error 404 Note that you can also install from a
30 error 404 tarball, folder, http url, or git url.
31 silly unfinished npm timer reify 1749322845282
32 silly unfinished npm timer reify:loadTrees 1749322845288
33 verbose cwd E:\React\ankitsingh_16-fertilizer-86b3c73b65c0
34 verbose os Windows_NT 10.0.26100
35 verbose node v22.11.0
36 verbose npm  v10.8.3
37 verbose exit 1
38 verbose code 1
39 error A complete log of this run can be found in: E:\React\ankitsingh_16-fertilizer-86b3c73b65c0\path\to\another\directory\.npm-cache\_logs\2025-06-07T19_00_44_548Z-debug-0.log
